2017-07-30 18:27:42,041 - transaction - INFO - account:abc123   action:repay    amount:100.0   interest:0.0
2017-07-30 18:37:15,072 - transaction - INFO - account:abc123   action:withdraw    amount:100.0   interest:5.0
2017-07-31 01:41:34,982 - transaction - INFO - account:abc123   action:repay    amount:2000.0   interest:0.0
2017-07-31 01:41:57,683 - transaction - INFO - account:abc123   action:withdraw    amount:100.0   interest:5.0
2017-07-31 01:42:17,476 - transaction - INFO - account:abc123   action:transfer    amount:100.0   interest:5.0
2017-08-02 16:14:15,076 - transaction - INFO - account:xiess   action:withdraw    amount:1000.0   interest:50.0
2017-08-02 20:29:59,693 - transaction - INFO - account:xiess   action:repay    amount:200.0   interest:0.0
2017-08-02 20:37:22,633 - transaction - INFO - account:xiess   action:repay    amount:200.0   interest:0.0
2017-08-03 01:10:10,091 - transaction - INFO - account:111   action:withdraw    amount:100.0   interest:5.0
2017-08-03 01:10:10,091 - transaction - INFO - account:111   action:withdraw    amount:100.0   interest:5.0
2017-08-03 01:16:34,474 - transaction - INFO - account:111   action:save    amount:1000.0   interest:0.0
2017-08-03 01:16:34,474 - transaction - INFO - account:111   action:save    amount:1000.0   interest:0.0
2017-08-03 01:19:08,115 - transaction - INFO - account:111   action:save    amount:100.0   interest:0.0
2017-08-03 01:19:08,115 - transaction - INFO - account:111   action:save    amount:100.0   interest:0.0
2017-08-03 01:30:05,696 - transaction - INFO - account:111   action:save    amount:100.0   interest:0.0
2017-08-03 01:30:05,696 - transaction - INFO - account:111   action:save    amount:100.0   interest:0.0
2017-08-03 01:49:28,002 - transaction - INFO - account:q   action:repay    amount:0.0   interest:0.0
2017-08-03 01:49:28,002 - transaction - INFO - account:q   action:repay    amount:0.0   interest:0.0
2017-08-03 01:49:57,498 - transaction - INFO - account:q   action:withdraw    amount:100.0   interest:5.0
2017-08-03 01:49:57,498 - transaction - INFO - account:q   action:withdraw    amount:100.0   interest:5.0
2017-08-03 10:28:24,395 - transaction - INFO - account:q   action:repay    amount:100.0   interest:0.0
2017-08-03 10:28:24,395 - transaction - INFO - account:q   action:repay    amount:100.0   interest:0.0
2017-08-03 10:48:42,767 - transaction - INFO - account:q   action:withdraw    amount:100.0   interest:5.0
2017-08-03 10:48:42,767 - transaction - INFO - account:q   action:withdraw    amount:100.0   interest:5.0
2017-08-03 10:50:59,429 - transaction - INFO - account:q   action:transfer    amount:100.0   interest:5.0
2017-08-03 10:50:59,429 - transaction - INFO - account:q   action:transfer    amount:100.0   interest:5.0
